--------------------------------------------------------------------------------
Marvellous Infosystems Process Logger : Sun Oct  1 22:54:34 2023

{'name': 'systemd', 'username': 'root', 'pid': 1, 'vms': 164.54296875}
{'name': 'kthreadd', 'username': 'root', 'pid': 2, 'vms': 0.0}
{'name': 'rcu_gp', 'username': 'root', 'pid': 3, 'vms': 0.0}
{'name': 'rcu_par_gp', 'username': 'root', 'pid': 4, 'vms': 0.0}
{'name': 'slub_flushwq', 'username': 'root', 'pid': 5, 'vms': 0.0}
{'name': 'netns', 'username': 'root', 'pid': 6, 'vms': 0.0}
{'name': 'kworker/0:0H-events_highpri', 'username': 'root', 'pid': 8, 'vms': 0.0}
{'name': 'mm_percpu_wq', 'username': 'root', 'pid': 10, 'vms': 0.0}
{'name': 'rcu_tasks_kthread', 'username': 'root', 'pid': 11, 'vms': 0.0}
{'name': 'rcu_tasks_rude_kthread', 'username': 'root', 'pid': 12, 'vms': 0.0}
{'name': 'rcu_tasks_trace_kthread', 'username': 'root', 'pid': 13, 'vms': 0.0}
{'name': 'ksoftirqd/0', 'username': 'root', 'pid': 14, 'vms': 0.0}
{'name': 'rcu_preempt', 'username': 'root', 'pid': 15, 'vms': 0.0}
{'name': 'migration/0', 'username': 'root', 'pid': 16, 'vms': 0.0}
{'name': 'idle_inject/0', 'username': 'root', 'pid': 17, 'vms': 0.0}
{'name': 'cpuhp/0', 'username': 'root', 'pid': 19, 'vms': 0.0}
{'name': 'cpuhp/1', 'username': 'root', 'pid': 20, 'vms': 0.0}
{'name': 'idle_inject/1', 'username': 'root', 'pid': 21, 'vms': 0.0}
{'name': 'migration/1', 'username': 'root', 'pid': 22, 'vms': 0.0}
{'name': 'ksoftirqd/1', 'username': 'root', 'pid': 23, 'vms': 0.0}
{'name': 'kworker/1:0H-events_highpri', 'username': 'root', 'pid': 25, 'vms': 0.0}
{'name': 'cpuhp/2', 'username': 'root', 'pid': 26, 'vms': 0.0}
{'name': 'idle_inject/2', 'username': 'root', 'pid': 27, 'vms': 0.0}
{'name': 'migration/2', 'username': 'root', 'pid': 28, 'vms': 0.0}
{'name': 'ksoftirqd/2', 'username': 'root', 'pid': 29, 'vms': 0.0}
{'name': 'cpuhp/3', 'username': 'root', 'pid': 32, 'vms': 0.0}
{'name': 'idle_inject/3', 'username': 'root', 'pid': 33, 'vms': 0.0}
{'name': 'migration/3', 'username': 'root', 'pid': 34, 'vms': 0.0}
{'name': 'ksoftirqd/3', 'username': 'root', 'pid': 35, 'vms': 0.0}
{'name': 'kworker/3:0H-events_highpri', 'username': 'root', 'pid': 37, 'vms': 0.0}
{'name': 'cpuhp/4', 'username': 'root', 'pid': 38, 'vms': 0.0}
{'name': 'idle_inject/4', 'username': 'root', 'pid': 39, 'vms': 0.0}
{'name': 'migration/4', 'username': 'root', 'pid': 40, 'vms': 0.0}
{'name': 'ksoftirqd/4', 'username': 'root', 'pid': 41, 'vms': 0.0}
{'name': 'kworker/4:0H-events_highpri', 'username': 'root', 'pid': 43, 'vms': 0.0}
{'name': 'cpuhp/5', 'username': 'root', 'pid': 44, 'vms': 0.0}
{'name': 'idle_inject/5', 'username': 'root', 'pid': 45, 'vms': 0.0}
{'name': 'migration/5', 'username': 'root', 'pid': 46, 'vms': 0.0}
{'name': 'ksoftirqd/5', 'username': 'root', 'pid': 47, 'vms': 0.0}
{'name': 'kworker/5:0H-events_highpri', 'username': 'root', 'pid': 49, 'vms': 0.0}
{'name': 'cpuhp/6', 'username': 'root', 'pid': 50, 'vms': 0.0}
{'name': 'idle_inject/6', 'username': 'root', 'pid': 51, 'vms': 0.0}
{'name': 'migration/6', 'username': 'root', 'pid': 52, 'vms': 0.0}
{'name': 'ksoftirqd/6', 'username': 'root', 'pid': 53, 'vms': 0.0}
{'name': 'kworker/6:0H-events_highpri', 'username': 'root', 'pid': 55, 'vms': 0.0}
{'name': 'cpuhp/7', 'username': 'root', 'pid': 56, 'vms': 0.0}
{'name': 'idle_inject/7', 'username': 'root', 'pid': 57, 'vms': 0.0}
{'name': 'migration/7', 'username': 'root', 'pid': 58, 'vms': 0.0}
{'name': 'ksoftirqd/7', 'username': 'root', 'pid': 59, 'vms': 0.0}
{'name': 'kworker/7:0H-events_highpri', 'username': 'root', 'pid': 61, 'vms': 0.0}
{'name': 'kdevtmpfs', 'username': 'root', 'pid': 62, 'vms': 0.0}
{'name': 'inet_frag_wq', 'username': 'root', 'pid': 63, 'vms': 0.0}
{'name': 'kauditd', 'username': 'root', 'pid': 64, 'vms': 0.0}
{'name': 'khungtaskd', 'username': 'root', 'pid': 65, 'vms': 0.0}
{'name': 'oom_reaper', 'username': 'root', 'pid': 67, 'vms': 0.0}
{'name': 'writeback', 'username': 'root', 'pid': 69, 'vms': 0.0}
{'name': 'kcompactd0', 'username': 'root', 'pid': 70, 'vms': 0.0}
{'name': 'ksmd', 'username': 'root', 'pid': 71, 'vms': 0.0}
{'name': 'khugepaged', 'username': 'root', 'pid': 72, 'vms': 0.0}
{'name': 'kintegrityd', 'username': 'root', 'pid': 73, 'vms': 0.0}
{'name': 'kblockd', 'username': 'root', 'pid': 74, 'vms': 0.0}
{'name': 'blkcg_punt_bio', 'username': 'root', 'pid': 75, 'vms': 0.0}
{'name': 'tpm_dev_wq', 'username': 'root', 'pid': 83, 'vms': 0.0}
{'name': 'ata_sff', 'username': 'root', 'pid': 84, 'vms': 0.0}
{'name': 'md', 'username': 'root', 'pid': 85, 'vms': 0.0}
{'name': 'edac-poller', 'username': 'root', 'pid': 86, 'vms': 0.0}
{'name': 'devfreq_wq', 'username': 'root', 'pid': 87, 'vms': 0.0}
{'name': 'watchdogd', 'username': 'root', 'pid': 88, 'vms': 0.0}
{'name': 'kworker/4:1H-events_highpri', 'username': 'root', 'pid': 89, 'vms': 0.0}
{'name': 'kswapd0', 'username': 'root', 'pid': 90, 'vms': 0.0}
{'name': 'ecryptfs-kthread', 'username': 'root', 'pid': 91, 'vms': 0.0}
{'name': 'kthrotld', 'username': 'root', 'pid': 92, 'vms': 0.0}
{'name': 'irq/122-aerdrv', 'username': 'root', 'pid': 93, 'vms': 0.0}
{'name': 'irq/123-aerdrv', 'username': 'root', 'pid': 94, 'vms': 0.0}
{'name': 'irq/124-aerdrv', 'username': 'root', 'pid': 95, 'vms': 0.0}
{'name': 'acpi_thermal_pm', 'username': 'root', 'pid': 96, 'vms': 0.0}
{'name': 'xenbus_probe', 'username': 'root', 'pid': 97, 'vms': 0.0}
{'name': 'hwrng', 'username': 'root', 'pid': 99, 'vms': 0.0}
{'name': 'mld', 'username': 'root', 'pid': 100, 'vms': 0.0}
{'name': 'kworker/0:1H-kblockd', 'username': 'root', 'pid': 101, 'vms': 0.0}
{'name': 'ipv6_addrconf', 'username': 'root', 'pid': 102, 'vms': 0.0}
{'name': 'kstrp', 'username': 'root', 'pid': 109, 'vms': 0.0}
{'name': 'zswap-shrink', 'username': 'root', 'pid': 111, 'vms': 0.0}
{'name': 'charger_manager', 'username': 'root', 'pid': 116, 'vms': 0.0}
{'name': 'kworker/2:1H-events_highpri', 'username': 'root', 'pid': 135, 'vms': 0.0}
{'name': 'kworker/7:1H-kblockd', 'username': 'root', 'pid': 139, 'vms': 0.0}
{'name': 'kworker/5:1H-kblockd', 'username': 'root', 'pid': 152, 'vms': 0.0}
{'name': 'kworker/3:1H-events_highpri', 'username': 'root', 'pid': 153, 'vms': 0.0}
{'name': 'kworker/6:1H-kblockd', 'username': 'root', 'pid': 154, 'vms': 0.0}
{'name': 'kworker/1:1H-kblockd', 'username': 'root', 'pid': 155, 'vms': 0.0}
{'name': 'scsi_eh_0', 'username': 'root', 'pid': 184, 'vms': 0.0}
{'name': 'scsi_tmf_0', 'username': 'root', 'pid': 185, 'vms': 0.0}
{'name': 'scsi_eh_1', 'username': 'root', 'pid': 186, 'vms': 0.0}
{'name': 'scsi_tmf_1', 'username': 'root', 'pid': 187, 'vms': 0.0}
{'name': 'scsi_eh_2', 'username': 'root', 'pid': 188, 'vms': 0.0}
{'name': 'scsi_tmf_2', 'username': 'root', 'pid': 189, 'vms': 0.0}
{'name': 'jbd2/sdb4-8', 'username': 'root', 'pid': 234, 'vms': 0.0}
{'name': 'ext4-rsv-conver', 'username': 'root', 'pid': 235, 'vms': 0.0}
{'name': 'systemd-journald', 'username': 'root', 'pid': 275, 'vms': 79.5390625}
{'name': 'systemd-udevd', 'username': 'root', 'pid': 309, 'vms': 26.29296875}
{'name': 'kworker/2:2H-kblockd', 'username': 'root', 'pid': 408, 'vms': 0.0}
{'name': 'cfg80211', 'username': 'root', 'pid': 456, 'vms': 0.0}
{'name': 'cryptd', 'username': 'root', 'pid': 473, 'vms': 0.0}
{'name': 'irq/129-rtw88_pci', 'username': 'root', 'pid': 617, 'vms': 0.0}
{'name': 'card0-crtc0', 'username': 'root', 'pid': 657, 'vms': 0.0}
{'name': 'card0-crtc1', 'username': 'root', 'pid': 658, 'vms': 0.0}
{'name': 'card0-crtc2', 'username': 'root', 'pid': 659, 'vms': 0.0}
{'name': 'nv_queue', 'username': 'root', 'pid': 664, 'vms': 0.0}
{'name': 'nv_queue', 'username': 'root', 'pid': 665, 'vms': 0.0}
{'name': 'nvidia-modeset/kthread_q', 'username': 'root', 'pid': 686, 'vms': 0.0}
{'name': 'nvidia-modeset/deferred_close_kthread_q', 'username': 'root', 'pid': 687, 'vms': 0.0}
{'name': 'irq/131-nvidia', 'username': 'root', 'pid': 690, 'vms': 0.0}
{'name': 'nv_queue', 'username': 'root', 'pid': 693, 'vms': 0.0}
{'name': 'jbd2/sdb5-8', 'username': 'root', 'pid': 695, 'vms': 0.0}
{'name': 'ext4-rsv-conver', 'username': 'root', 'pid': 696, 'vms': 0.0}
{'name': 'systemd-oomd', 'username': 'systemd-oom', 'pid': 729, 'vms': 14.4765625}
{'name': 'systemd-resolved', 'username': 'systemd-resolve', 'pid': 732, 'vms': 27.13671875}
{'name': 'systemd-timesyncd', 'username': 'systemd-timesync', 'pid': 736, 'vms': 87.28125}
{'name': 'UVM global queue', 'username': 'root', 'pid': 818, 'vms': 0.0}
{'name': 'UVM deferred release queue', 'username': 'root', 'pid': 819, 'vms': 0.0}
{'name': 'UVM Tools Event Queue', 'username': 'root', 'pid': 820, 'vms': 0.0}
{'name': 'accounts-daemon', 'username': 'root', 'pid': 824, 'vms': 242.80859375}
{'name': 'acpid', 'username': 'root', 'pid': 825, 'vms': 2.74609375}
{'name': 'avahi-daemon', 'username': 'avahi', 'pid': 828, 'vms': 7.52734375}
{'name': 'bluetoothd', 'username': 'root', 'pid': 829, 'vms': 10.46484375}
{'name': 'cron', 'username': 'root', 'pid': 831, 'vms': 17.72265625}
{'name': 'dbus-daemon', 'username': 'messagebus', 'pid': 832, 'vms': 10.9765625}
{'name': 'NetworkManager', 'username': 'root', 'pid': 834, 'vms': 479.59375}
{'name': 'irqbalance', 'username': 'root', 'pid': 840, 'vms': 80.828125}
{'name': 'networkd-dispat', 'username': 'root', 'pid': 843, 'vms': 48.546875}
{'name': 'polkitd', 'username': 'root', 'pid': 847, 'vms': 231.390625}
{'name': 'power-profiles-daemon', 'username': 'root', 'pid': 850, 'vms': 242.91015625}
{'name': 'nvidia-persistenced', 'username': 'nvidia-persistenced', 'pid': 851, 'vms': 5.1953125}
{'name': 'rsyslogd', 'username': 'syslog', 'pid': 853, 'vms': 217.1875}
{'name': 'snapd', 'username': 'root', 'pid': 858, 'vms': 1722.29296875}
{'name': 'switcheroo-control', 'username': 'root', 'pid': 861, 'vms': 239.38671875}
{'name': 'systemd-logind', 'username': 'root', 'pid': 862, 'vms': 47.25390625}
{'name': 'thermald', 'username': 'root', 'pid': 863, 'vms': 278.140625}
{'name': 'udisksd', 'username': 'root', 'pid': 865, 'vms': 384.75}
{'name': 'wpa_supplicant', 'username': 'root', 'pid': 867, 'vms': 17.33203125}
{'name': 'avahi-daemon', 'username': 'avahi', 'pid': 871, 'vms': 7.265625}
{'name': 'unattended-upgr', 'username': 'root', 'pid': 951, 'vms': 123.8203125}
{'name': 'ModemManager', 'username': 'root', 'pid': 961, 'vms': 309.69140625}
{'name': 'gdm3', 'username': 'root', 'pid': 978, 'vms': 244.0234375}
{'name': 'apache2', 'username': 'root', 'pid': 985, 'vms': 6.625}
{'name': 'upowerd', 'username': 'root', 'pid': 1061, 'vms': 245.1328125}
{'name': 'rtkit-daemon', 'username': 'rtkit', 'pid': 1307, 'vms': 150.390625}
{'name': 'mongod', 'username': 'mongodb', 'pid': 1660, 'vms': 2616.47265625}
{'name': 'kerneloops', 'username': 'kernoops', 'pid': 1663, 'vms': 12.77734375}
{'name': 'kerneloops', 'username': 'kernoops', 'pid': 1666, 'vms': 12.77734375}
{'name': 'packagekitd', 'username': 'root', 'pid': 1667, 'vms': 372.51171875}
{'name': 'colord', 'username': 'colord', 'pid': 1794, 'vms': 248.03515625}
{'name': 'gdm-session-worker', 'username': 'root', 'pid': 1921, 'vms': 319.30859375}
{'name': 'systemd', 'username': 'ragnar20-03', 'pid': 1929, 'vms': 17.83984375}
{'name': '(sd-pam)', 'username': 'ragnar20-03', 'pid': 1930, 'vms': 166.3828125}
{'name': 'pipewire', 'username': 'ragnar20-03', 'pid': 1936, 'vms': 47.3671875}
{'name': 'pipewire-media-session', 'username': 'ragnar20-03', 'pid': 1937, 'vms': 31.5}
{'name': 'pulseaudio', 'username': 'ragnar20-03', 'pid': 1938, 'vms': 2239.86328125}
{'name': 'gnome-keyring-daemon', 'username': 'ragnar20-03', 'pid': 1949, 'vms': 387.96875}
{'name': 'dbus-daemon', 'username': 'ragnar20-03', 'pid': 1957, 'vms': 10.11328125}
{'name': 'gvfsd', 'username': 'ragnar20-03', 'pid': 1961, 'vms': 243.55859375}
{'name': 'gvfsd-fuse', 'username': 'ragnar20-03', 'pid': 1976, 'vms': 371.9609375}
{'name': 'xdg-document-portal', 'username': 'ragnar20-03', 'pid': 1977, 'vms': 532.890625}
{'name': 'xdg-permission-store', 'username': 'ragnar20-03', 'pid': 1988, 'vms': 239.0625}
{'name': 'fusermount3', 'username': 'ragnar20-03', 'pid': 1994, 'vms': 2.7265625}
{'name': 'tracker-miner-fs-3', 'username': 'ragnar20-03', 'pid': 2009, 'vms': 701.109375}
{'name': 'krfcommd', 'username': 'root', 'pid': 2020, 'vms': 0.0}
{'name': 'gdm-x-session', 'username': 'ragnar20-03', 'pid': 2023, 'vms': 167.0703125}
{'name': 'Xorg', 'username': 'ragnar20-03', 'pid': 2025, 'vms': 7871.71875}
{'name': 'gvfs-udisks2-volume-monitor', 'username': 'ragnar20-03', 'pid': 2075, 'vms': 317.2265625}
{'name': 'gvfs-gphoto2-volume-monitor', 'username': 'ragnar20-03', 'pid': 2091, 'vms': 240.421875}
{'name': 'gvfs-afc-volume-monitor', 'username': 'ragnar20-03', 'pid': 2097, 'vms': 316.26171875}
{'name': 'gvfs-goa-volume-monitor', 'username': 'ragnar20-03', 'pid': 2102, 'vms': 240.1328125}
{'name': 'goa-daemon', 'username': 'ragnar20-03', 'pid': 2106, 'vms': 713.7109375}
{'name': 'goa-identity-service', 'username': 'ragnar20-03', 'pid': 2113, 'vms': 338.91796875}
{'name': 'gvfs-mtp-volume-monitor', 'username': 'ragnar20-03', 'pid': 2118, 'vms': 239.36328125}
{'name': 'gnome-keyring-daemon', 'username': 'ragnar20-03', 'pid': 2177, 'vms': 243.43359375}
{'name': 'gnome-session-binary', 'username': 'ragnar20-03', 'pid': 2182, 'vms': 226.265625}
{'name': 'snapd-desktop-integration', 'username': 'ragnar20-03', 'pid': 2187, 'vms': 74.40625}
{'name': 'snapd-desktop-integration', 'username': 'ragnar20-03', 'pid': 2329, 'vms': 955.01171875}
{'name': 'at-spi-bus-launcher', 'username': 'ragnar20-03', 'pid': 2338, 'vms': 302.51953125}
{'name': 'dbus-daemon', 'username': 'ragnar20-03', 'pid': 2344, 'vms': 8.359375}
{'name': 'gnome-session-ctl', 'username': 'ragnar20-03', 'pid': 2360, 'vms': 98.203125}
{'name': 'gnome-session-binary', 'username': 'ragnar20-03', 'pid': 2378, 'vms': 443.6015625}
{'name': 'xdg-desktop-portal', 'username': 'ragnar20-03', 'pid': 2388, 'vms': 617.8125}
{'name': 'xdg-desktop-portal-gnome', 'username': 'ragnar20-03', 'pid': 2404, 'vms': 2680.8984375}
{'name': 'gnome-shell', 'username': 'ragnar20-03', 'pid': 2409, 'vms': 5762.30078125}
{'name': 'xdg-desktop-portal-gtk', 'username': 'ragnar20-03', 'pid': 2451, 'vms': 343.5234375}
{'name': 'at-spi2-registryd', 'username': 'ragnar20-03', 'pid': 2465, 'vms': 158.9375}
{'name': 'gjs', 'username': 'ragnar20-03', 'pid': 2467, 'vms': 2879.015625}
{'name': 'gnome-shell-calendar-server', 'username': 'ragnar20-03', 'pid': 2506, 'vms': 777.12890625}
{'name': 'evolution-source-registry', 'username': 'ragnar20-03', 'pid': 2514, 'vms': 995.31640625}
{'name': 'dconf-service', 'username': 'ragnar20-03', 'pid': 2518, 'vms': 153.51953125}
{'name': 'gvfsd-metadata', 'username': 'ragnar20-03', 'pid': 2522, 'vms': 167.97265625}
{'name': 'evolution-calendar-factory', 'username': 'ragnar20-03', 'pid': 2531, 'vms': 1640.7734375}
{'name': 'evolution-addressbook-factory', 'username': 'ragnar20-03', 'pid': 2541, 'vms': 744.9375}
{'name': 'gvfsd-trash', 'username': 'ragnar20-03', 'pid': 2557, 'vms': 316.0625}
{'name': 'gjs', 'username': 'ragnar20-03', 'pid': 2578, 'vms': 2871.0078125}
{'name': 'sh', 'username': 'ragnar20-03', 'pid': 2598, 'vms': 2.8203125}
{'name': 'gsd-a11y-settings', 'username': 'ragnar20-03', 'pid': 2599, 'vms': 311.6015625}
{'name': 'ibus-daemon', 'username': 'ragnar20-03', 'pid': 2601, 'vms': 316.62109375}
{'name': 'gsd-color', 'username': 'ragnar20-03', 'pid': 2602, 'vms': 533.078125}
{'name': 'gsd-datetime', 'username': 'ragnar20-03', 'pid': 2604, 'vms': 375.12109375}
{'name': 'gsd-housekeeping', 'username': 'ragnar20-03', 'pid': 2606, 'vms': 313.14453125}
{'name': 'gsd-keyboard', 'username': 'ragnar20-03', 'pid': 2608, 'vms': 341.95703125}
{'name': 'gsd-media-keys', 'username': 'ragnar20-03', 'pid': 2611, 'vms': 709.3203125}
{'name': 'gsd-power', 'username': 'ragnar20-03', 'pid': 2613, 'vms': 780.13671875}
{'name': 'gsd-print-notifications', 'username': 'ragnar20-03', 'pid': 2617, 'vms': 252.4453125}
{'name': 'gsd-rfkill', 'username': 'ragnar20-03', 'pid': 2618, 'vms': 455.57421875}
{'name': 'gsd-screensaver-proxy', 'username': 'ragnar20-03', 'pid': 2619, 'vms': 239.19921875}
{'name': 'gsd-sharing', 'username': 'ragnar20-03', 'pid': 2620, 'vms': 463.484375}
{'name': 'gsd-smartcard', 'username': 'ragnar20-03', 'pid': 2622, 'vms': 385.44140625}
{'name': 'gsd-sound', 'username': 'ragnar20-03', 'pid': 2623, 'vms': 320.30859375}
{'name': 'gsd-wacom', 'username': 'ragnar20-03', 'pid': 2629, 'vms': 342.22265625}
{'name': 'gsd-xsettings', 'username': 'ragnar20-03', 'pid': 2635, 'vms': 343.76171875}
{'name': 'gsd-disk-utility-notify', 'username': 'ragnar20-03', 'pid': 2644, 'vms': 226.8203125}
{'name': 'evolution-alarm-notify', 'username': 'ragnar20-03', 'pid': 2646, 'vms': 730.70703125}
{'name': 'ibus-dconf', 'username': 'ragnar20-03', 'pid': 2658, 'vms': 240.203125}
{'name': 'ibus-extension-gtk3', 'username': 'ragnar20-03', 'pid': 2667, 'vms': 274.625}
{'name': 'ibus-x11', 'username': 'ragnar20-03', 'pid': 2674, 'vms': 198.08984375}
{'name': 'ibus-portal', 'username': 'ragnar20-03', 'pid': 2688, 'vms': 240.40234375}
{'name': 'gsd-printer', 'username': 'ragnar20-03', 'pid': 2711, 'vms': 342.78125}
{'name': 'snap-store', 'username': 'ragnar20-03', 'pid': 2746, 'vms': 1473.609375}
{'name': 'ibus-engine-simple', 'username': 'ragnar20-03', 'pid': 2819, 'vms': 168.09765625}
{'name': 'update-notifier', 'username': 'ragnar20-03', 'pid': 4704, 'vms': 489.421875}
{'name': 'gvfsd-network', 'username': 'ragnar20-03', 'pid': 5038, 'vms': 388.06640625}
{'name': 'gvfsd-dnssd', 'username': 'ragnar20-03', 'pid': 5051, 'vms': 317.84765625}
{'name': 'ssh-agent', 'username': 'ragnar20-03', 'pid': 28453, 'vms': 7.78125}
{'name': 'apache2', 'username': 'www-data', 'pid': 39029, 'vms': 1951.34375}
{'name': 'apache2', 'username': 'www-data', 'pid': 39030, 'vms': 1951.34375}
{'name': 'cupsd', 'username': 'root', 'pid': 39160, 'vms': 79.62109375}
{'name': 'cups-browsed', 'username': 'root', 'pid': 39162, 'vms': 168.57421875}
{'name': 'gvfsd-google', 'username': 'ragnar20-03', 'pid': 45096, 'vms': 771.02734375}
{'name': 'kworker/0:1-cgwb_release', 'username': 'root', 'pid': 55754, 'vms': 0.0}
{'name': 'gvfsd-recent', 'username': 'ragnar20-03', 'pid': 56756, 'vms': 318.0546875}
{'name': 'kworker/4:1-mm_percpu_wq', 'username': 'root', 'pid': 58649, 'vms': 0.0}
{'name': 'kworker/6:0-events', 'username': 'root', 'pid': 60960, 'vms': 0.0}
{'name': 'kworker/u17:0-rtw_tx_wq', 'username': 'root', 'pid': 61628, 'vms': 0.0}
{'name': 'kworker/5:2-mm_percpu_wq', 'username': 'root', 'pid': 62116, 'vms': 0.0}
{'name': 'kworker/2:1-mm_percpu_wq', 'username': 'root', 'pid': 62124, 'vms': 0.0}
{'name': 'kworker/1:0-mm_percpu_wq', 'username': 'root', 'pid': 62139, 'vms': 0.0}
{'name': 'kworker/7:0-mm_percpu_wq', 'username': 'root', 'pid': 62140, 'vms': 0.0}
{'name': 'kworker/7:2-events', 'username': 'root', 'pid': 62141, 'vms': 0.0}
{'name': 'kworker/4:2-cgroup_destroy', 'username': 'root', 'pid': 62701, 'vms': 0.0}
{'name': 'kworker/1:1-mm_percpu_wq', 'username': 'root', 'pid': 62721, 'vms': 0.0}
{'name': 'kworker/u16:10-events_power_efficient', 'username': 'root', 'pid': 62792, 'vms': 0.0}
{'name': 'kworker/u16:17-flush-8:16', 'username': 'root', 'pid': 62798, 'vms': 0.0}
{'name': 'kworker/3:0-mm_percpu_wq', 'username': 'root', 'pid': 62803, 'vms': 0.0}
{'name': 'kworker/2:3-events', 'username': 'root', 'pid': 62829, 'vms': 0.0}
{'name': 'fwupd', 'username': 'root', 'pid': 62876, 'vms': 392.45703125}
{'name': 'kworker/6:3-mm_percpu_wq', 'username': 'root', 'pid': 63111, 'vms': 0.0}
{'name': 'irq/128-mei_me', 'username': 'root', 'pid': 63382, 'vms': 0.0}
{'name': 'nvidia', 'username': 'root', 'pid': 63407, 'vms': 0.0}
{'name': 'gjs', 'username': 'ragnar20-03', 'pid': 63628, 'vms': 3261.6171875}
{'name': 'chrome', 'username': 'ragnar20-03', 'pid': 63692, 'vms': 33400.19140625}
{'name': 'cat', 'username': 'ragnar20-03', 'pid': 63697, 'vms': 16.76171875}
{'name': 'cat', 'username': 'ragnar20-03', 'pid': 63698, 'vms': 16.76171875}
{'name': 'chrome_crashpad_handler', 'username': 'ragnar20-03', 'pid': 63700, 'vms': 32790.02734375}
{'name': 'chrome_crashpad_handler', 'username': 'ragnar20-03', 'pid': 63702, 'vms': 32781.0078125}
{'name': 'chrome', 'username': 'ragnar20-03', 'pid': 63708, 'vms': 33076.1640625}
{'name': 'chrome', 'username': 'ragnar20-03', 'pid': 63709, 'vms': 33076.15234375}
{'name': 'nacl_helper', 'username': 'ragnar20-03', 'pid': 63710, 'vms': 32781.05859375}
{'name': 'chrome', 'username': 'ragnar20-03', 'pid': 63713, 'vms': 33076.17578125}
{'name': 'chrome', 'username': 'ragnar20-03', 'pid': 63737, 'vms': 33512.15625}
{'name': 'chrome', 'username': 'ragnar20-03', 'pid': 63738, 'vms': 33150.21484375}
{'name': 'chrome', 'username': 'ragnar20-03', 'pid': 63750, 'vms': 33125.21484375}
{'name': 'chrome', 'username': 'ragnar20-03', 'pid': 63897, 'vms': 1160138.72265625}
{'name': 'code', 'username': 'ragnar20-03', 'pid': 64071, 'vms': 1149934.078125}
{'name': 'code', 'username': 'ragnar20-03', 'pid': 64073, 'vms': 32978.14453125}
{'name': 'code', 'username': 'ragnar20-03', 'pid': 64074, 'vms': 32978.15625}
{'name': 'chrome_crashpad_handler', 'username': 'ragnar20-03', 'pid': 64088, 'vms': 32789.2109375}
{'name': 'code', 'username': 'ragnar20-03', 'pid': 64108, 'vms': 33042.71484375}
{'name': 'code', 'username': 'ragnar20-03', 'pid': 64120, 'vms': 1160081.8359375}
{'name': 'code', 'username': 'ragnar20-03', 'pid': 64150, 'vms': 33150.48828125}
{'name': 'code', 'username': 'ragnar20-03', 'pid': 64194, 'vms': 1149754.7734375}
{'name': 'code', 'username': 'ragnar20-03', 'pid': 64195, 'vms': 1149771.35546875}
{'name': 'code', 'username': 'ragnar20-03', 'pid': 64252, 'vms': 1149755.73828125}
{'name': 'code', 'username': 'ragnar20-03', 'pid': 64269, 'vms': 1149774.5078125}
{'name': 'bash', 'username': 'ragnar20-03', 'pid': 64293, 'vms': 11.7421875}
{'name': 'code', 'username': 'ragnar20-03', 'pid': 64377, 'vms': 1151745.92578125}
{'name': 'kworker/u16:0-i915', 'username': 'root', 'pid': 64450, 'vms': 0.0}
{'name': 'gnome-terminal-server', 'username': 'ragnar20-03', 'pid': 64474, 'vms': 735.80859375}
{'name': 'bash', 'username': 'ragnar20-03', 'pid': 64494, 'vms': 23.1796875}
{'name': 'nautilus', 'username': 'ragnar20-03', 'pid': 64755, 'vms': 1127.7109375}
{'name': 'kworker/5:0-events', 'username': 'root', 'pid': 64792, 'vms': 0.0}
{'name': 'kworker/0:0-events', 'username': 'root', 'pid': 64793, 'vms': 0.0}
{'name': 'kworker/3:1-events', 'username': 'root', 'pid': 64817, 'vms': 0.0}
{'name': 'kworker/u17:1-i915_flip', 'username': 'root', 'pid': 64839, 'vms': 0.0}
{'name': 'kworker/u17:2-rtw_tx_wq', 'username': 'root', 'pid': 65028, 'vms': 0.0}
{'name': 'chrome', 'username': 'ragnar20-03', 'pid': 65081, 'vms': 1158002.875}
{'name': 'kworker/u16:1-flush-8:16', 'username': 'root', 'pid': 65131, 'vms': 0.0}
{'name': 'gedit', 'username': 'ragnar20-03', 'pid': 65248, 'vms': 955.953125}
{'name': 'python3', 'username': 'ragnar20-03', 'pid': 65272, 'vms': 40.00390625}
